Arguments: 
  /home/gitpod/.nvm/versions/node/v16.13.2/bin/node /home/gitpod/.nvm/versions/node/v16.13.2/bin/yarn global dir

PATH: 
  /workspace/.cargo/bin:/home/gitpod/.pyenv/plugins/pyenv-virtualenv/shims:/home/gitpod/.nix-profile/bin:/ide/bin/remote-cli:/home/gitpod/.nix-profile/bin:/workspace/.cargo/bin:/home/gitpod/.pyenv/plugins/pyenv-virtualenv/shims:/home/gitpod/.nix-profile/bin:/home/gitpod/.nix-profile/bin:/home/gitpod/.sdkman/candidates/maven/current/bin:/home/gitpod/.sdkman/candidates/java/current/bin:/home/gitpod/.sdkman/candidates/gradle/current/bin:/workspace/.cargo/bin:/home/gitpod/.rvm/gems/ruby-2.7.5/bin:/home/gitpod/.rvm/gems/ruby-2.7.5@global/bin:/home/gitpod/.rvm/rubies/ruby-2.7.5/bin:/home/gitpod/.pyenv/plugins/pyenv-virtualenv/shims:/home/gitpod/.nix-profile/bin:/ide/bin/remote-cli:/workspace/go/bin:/home/gitpod/go/bin:/home/gitpod/go-packages/bin:/home/gitpod/.nvm/versions/node/v16.13.2/bin:/workspace/.pip-modules/bin:/home/gitpod/.pyenv/bin:/home/gitpod/.pyenv/shims:/workspace/.rvm/bin:/home/gitpod/.cargo/bin:/home/linuxbrew/.linuxbrew/bin:/home/linuxbrew/.linuxbrew/sbin/:/usr/local/sbin:/usr/local/bin:/usr/sbin:/usr/bin:/sbin:/bin:/home/gitpod/.nvm/versions/node/v16.13.2/bin:/home/gitpod/.rvm/bin:/home/gitpod/.nvm/versions/node/v16.13.2/bin:/home/gitpod/.nvm/versions/node/v16.13.2/bin:/home/gitpod/.nvm/versions/node/v16.13.2/bin

Yarn version: 
  1.22.17

Node version: 
  16.13.2

Platform: 
  linux x64

Trace: 
  SyntaxError: /workspace/express-nodeself--justanotherserver/package.json: Unexpected string in JSON at position 618
      at JSON.parse (<anonymous>)
      at /home/gitpod/.nvm/versions/node/v16.13.2/lib/node_modules/yarn/lib/cli.js:1625:59
      at Generator.next (<anonymous>)
      at step (/home/gitpod/.nvm/versions/node/v16.13.2/lib/node_modules/yarn/lib/cli.js:310:30)
      at /home/gitpod/.nvm/versions/node/v16.13.2/lib/node_modules/yarn/lib/cli.js:321:13

npm manifest: 
  {
    "name": "myapp",
    "version": "1.0.0",
    "description": "My cool TypeScript app",
    "main": "dist/index.js",
    "scripts": {
      "start": "node dist/server/index.js",
      "compile": "tsc",
      "dev": "nodemon src/server/index.ts",
      "build:docker": "docker build -t pythagoras/express-ts .",
      "lint": "eslint -c .eslintrc.js \"{server}/**/*.{js,ts,tsx}\" --quiet",
      "lint:fix": "eslint -c .eslintrc.js \"{server}/**/*.{js,ts,tsx}\" --quiet --fix"
    },
    "dependencies": {
      "body-parser": "^1.19.2",
      "cookie-parser": "^1.4.6",
      "express": "^4.17.3",
      "express-openapi-validator": "^4.13.6"
  
      "@types/cookie-parser": "^1.4.2",
      "@types/express": "^4.17.13",
      "@types/node": "^17.0.21",
      "@typescript-eslint/eslint-plugin": "^5.14.0",
      "@typescript-eslint/parser": "^5.14.0",
      "eslint": "^8.11.0",
      "nodemon": "^2.0.15",
      "prettier": "^2.5.1",
      "ts-node": "^10.7.0",
      "typescript": "^4.6.2"
    }
  }

yarn manifest: 
  No manifest

Lockfile: 
  No lockfile
